2020-07-07 11:34:49 D:\workspace\fireball\editor-3d\tools\lightmap-tools/LightFX http://127.0.0.1:8000 
2020-07-07 11:34:49 -:Building meshes
2020-07-07 11:34:49 -:Building terrain
2020-07-07 11:34:49 -:Building bv scene
2020-07-07 11:34:50 Start 0

2020-07-07 11:34:50 DirectLighting 6

2020-07-07 11:34:58 DirectLighting 12

2020-07-07 11:35:05 DirectLighting 18

2020-07-07 11:35:12 DirectLighting 25

2020-07-07 11:35:19 DirectLighting 31

2020-07-07 11:35:20 DirectLighting 37

2020-07-07 11:35:20 DirectLighting 43

2020-07-07 11:35:24 DirectLighting 50

2020-07-07 11:35:29 DirectLighting 56

2020-07-07 11:35:32 DirectLighting 62

2020-07-07 11:35:36 DirectLighting 68

2020-07-07 11:35:43 DirectLighting 75

2020-07-07 11:35:47 DirectLighting 81

2020-07-07 11:35:49 DirectLighting 87

2020-07-07 11:35:53 DirectLighting 93

2020-07-07 11:35:56 IndirectLighting 6

2020-07-07 11:35:56 IndirectLighting 12

2020-07-07 11:35:56 IndirectLighting 18

2020-07-07 11:35:56 IndirectLighting 25

2020-07-07 11:35:56 IndirectLighting 31

2020-07-07 11:35:56 IndirectLighting 37

2020-07-07 11:35:56 IndirectLighting 43

2020-07-07 11:35:56 IndirectLighting 50

2020-07-07 11:35:56 IndirectLighting 56

2020-07-07 11:35:56 IndirectLighting 62

2020-07-07 11:35:56 IndirectLighting 68

2020-07-07 11:35:56 IndirectLighting 75

2020-07-07 11:35:56 IndirectLighting 81

2020-07-07 11:35:56 IndirectLighting 87

2020-07-07 11:35:56 IndirectLighting 93

2020-07-07 11:35:56  6

2020-07-07 11:35:56  12

2020-07-07 11:35:56  18

2020-07-07 11:35:56  25

2020-07-07 11:35:56  31

2020-07-07 11:35:56  37

2020-07-07 11:35:56  43

2020-07-07 11:35:56  50

2020-07-07 11:35:56  56

2020-07-07 11:35:56  62

2020-07-07 11:35:56  68

2020-07-07 11:35:56  75

2020-07-07 11:35:56  81

2020-07-07 11:35:56  87

2020-07-07 11:35:56  93

2020-07-07 11:35:56 Post Process 6

2020-07-07 11:35:56 Post Process 12

2020-07-07 11:35:56 Post Process 18

2020-07-07 11:35:56 Post Process 25

2020-07-07 11:35:56 Post Process 31

2020-07-07 11:35:56 Post Process 37

2020-07-07 11:35:56 Post Process 43

2020-07-07 11:35:56 Post Process 50

2020-07-07 11:35:56 Post Process 56

2020-07-07 11:35:56 Post Process 62

2020-07-07 11:35:56 Post Process 68

2020-07-07 11:35:56 Post Process 75

2020-07-07 11:35:56 Post Process 81

2020-07-07 11:35:56 Post Process 87

2020-07-07 11:35:56 Post Process 93

2020-07-07 11:35:56 Pack terrain 0 blocks 0 0 1 1
2020-07-07 11:35:56 Pack terrain 0 blocks 1 0 1 1
2020-07-07 11:35:57 Pack terrain 0 blocks 2 0 1 1
2020-07-07 11:35:57 Pack terrain 0 blocks 0 1 1 1
2020-07-07 11:35:57 Pack terrain 0 blocks 1 1 1 1
2020-07-07 11:35:58 Pack terrain 0 blocks 2 1 1 1
2020-07-07 11:35:58 Pack terrain 0 blocks 0 2 1 1
2020-07-07 11:35:58 Pack terrain 0 blocks 1 2 1 1
2020-07-07 11:35:58 Pack terrain 0 blocks 2 2 1 1
